[2026-05-16 10:13:37] [INFO] MacroFX Bot  paper=True  state_refresh=120s  price_tick=3s  dashboard=https://macrofxmodel-production.up.railway.app
[2026-05-16 10:13:39] [INFO] Loaded persisted state: []
[2026-05-16 10:13:41] [ERROR] State refresh failed: 500 Server Error: Internal Server Error for url: https://macrofxmodel-production.up.railway.app/api/state
[2026-05-16 10:13:57] [ERROR] State refresh failed: 500 Server Error: Internal Server Error for url: https://macrofxmodel-production.up.railway.app/api/state
[2026-05-16 10:14:14] [ERROR] State refresh failed: 500 Server Error: Internal Server Error for url: https://macrofxmodel-production.up.railway.app/api/state
[2026-05-16 10:14:30] [ERROR] State refresh failed: 500 Server Error: Internal Server Error for url: https://macrofxmodel-production.up.railway.app/api/state
[2026-05-16 10:14:47] [ERROR] State refresh failed: 500 Server Error: Internal Server Error for url: https://macrofxmodel-production.up.railway.app/api/state
[2026-05-16 10:15:02] [ERROR] State refresh failed: 500 Server Error: Internal Server Error for url: https://macrofxmodel-production.up.railway.app/api/state
[2026-05-16 10:15:18] [ERROR] State refresh failed: 500 Server Error: Internal Server Error for url: https://macrofxmodel-production.up.railway.app/api/state
[2026-05-16 10:15:34] [ERROR] State refresh failed: 500 Server Error: Internal Server Error for url: https://macrofxmodel-production.up.railway.app/api/state
[2026-05-16 10:15:50] [ERROR] State refresh failed: 500 Server Error: Internal Server Error for url: https://macrofxmodel-production.up.railway.app/api/state
[2026-05-16 10:16:06] [ERROR] State refresh failed: 500 Server Error: Internal Server Error for url: https://macrofxmodel-production.up.railway.app/api/state
[2026-05-16 10:16:22] [ERROR] State refresh failed: 500 Server Error: Internal Server Error for url: https://macrofxmodel-production.up.railway.app/api/state
[2026-05-16 10:16:38] [ERROR] State refresh failed: 500 Server Error: Internal Server Error for url: https://macrofxmodel-production.up.railway.app/api/state
[2026-05-16 10:16:54] [ERROR] State refresh failed: 500 Server Error: Internal Server Error for url: https://macrofxmodel-production.up.railway.app/api/state
[2026-05-16 10:17:10] [ERROR] State refresh failed: 500 Server Error: Internal Server Error for url: https://macrofxmodel-production.up.railway.app/api/state
[2026-05-16 10:17:26] [ERROR] State refresh failed: 500 Server Error: Internal Server Error for url: https://macrofxmodel-production.up.railway.app/api/state
[2026-05-16 10:17:42] [ERROR] State refresh failed: 500 Server Error: Internal Server Error for url: https://macrofxmodel-production.up.railway.app/api/state
[2026-05-16 10:17:58] [ERROR] State refresh failed: 500 Server Error: Internal Server Error for url: https://macrofxmodel-production.up.railway.app/api/state
[2026-05-16 10:18:14] [ERROR] State refresh failed: 500 Server Error: Internal Server Error for url: https://macrofxmodel-production.up.railway.app/api/state
[2026-05-16 10:18:30] [ERROR] State refresh failed: 500 Server Error: Internal Server Error for url: https://macrofxmodel-production.up.railway.app/api/state
[2026-05-16 10:18:47] [ERROR] State refresh failed: 500 Server Error: Internal Server Error for url: https://macrofxmodel-production.up.railway.app/api/state
[2026-05-16 10:19:03] [ERROR] State refresh failed: 500 Server Error: Internal Server Error for url: https://macrofxmodel-production.up.railway.app/api/state
[2026-05-16 10:19:19] [ERROR] State refresh failed: 500 Server Error: Internal Server Error for url: https://macrofxmodel-production.up.railway.app/api/state
[2026-05-16 10:19:35] [ERROR] State refresh failed: 500 Server Error: Internal Server Error for url: https://macrofxmodel-production.up.railway.app/api/state
[2026-05-16 10:19:51] [ERROR] State refresh failed: 500 Server Error: Internal Server Error for url: https://macrofxmodel-production.up.railway.app/api/state
[2026-05-16 10:20:07] [ERROR] State refresh failed: 500 Server Error: Internal Server Error for url: https://macrofxmodel-production.up.railway.app/api/state
[2026-05-16 10:20:24] [ERROR] State refresh failed: 500 Server Error: Internal Server Error for url: https://macrofxmodel-production.up.railway.app/api/state
[2026-05-16 10:20:40] [ERROR] State refresh failed: 500 Server Error: Internal Server Error for url: https://macrofxmodel-production.up.railway.app/api/state
[2026-05-16 10:20:56] [ERROR] State refresh failed: 500 Server Error: Internal Server Error for url: https://macrofxmodel-production.up.railway.app/api/state
[2026-05-16 10:21:12] [ERROR] State refresh failed: 500 Server Error: Internal Server Error for url: https://macrofxmodel-production.up.railway.app/api/state
[2026-05-16 10:21:28] [ERROR] State refresh failed: 500 Server Error: Internal Server Error for url: https://macrofxmodel-production.up.railway.app/api/state
[2026-05-16 10:21:44] [ERROR] State refresh failed: 500 Server Error: Internal Server Error for url: https://macrofxmodel-production.up.railway.app/api/state
[2026-05-16 10:22:00] [ERROR] State refresh failed: 500 Server Error: Internal Server Error for url: https://macrofxmodel-production.up.railway.app/api/state
[2026-05-16 10:22:16] [ERROR] State refresh failed: 500 Server Error: Internal Server Error for url: https://macrofxmodel-production.up.railway.app/api/state
[2026-05-16 10:22:32] [ERROR] State refresh failed: 500 Server Error: Internal Server Error for url: https://macrofxmodel-production.up.railway.app/api/state
[2026-05-16 10:22:48] [ERROR] State refresh failed: 500 Server Error: Internal Server Error for url: https://macrofxmodel-production.up.railway.app/api/state
[2026-05-16 10:23:04] [ERROR] State refresh failed: 500 Server Error: Internal Server Error for url: https://macrofxmodel-production.up.railway.app/api/state
[2026-05-16 10:23:20] [ERROR] State refresh failed: 500 Server Error: Internal Server Error for url: https://macrofxmodel-production.up.railway.app/api/state
[2026-05-16 10:23:36] [ERROR] State refresh failed: 500 Server Error: Internal Server Error for url: https://macrofxmodel-production.up.railway.app/api/state
[2026-05-16 10:23:52] [ERROR] State refresh failed: 500 Server Error: Internal Server Error for url: https://macrofxmodel-production.up.railway.app/api/state
[2026-05-16 10:24:08] [ERROR] State refresh failed: 500 Server Error: Internal Server Error for url: https://macrofxmodel-production.up.railway.app/api/state
[2026-05-16 10:24:24] [ERROR] State refresh failed: 500 Server Error: Internal Server Error for url: https://macrofxmodel-production.up.railway.app/api/state
[2026-05-16 10:24:40] [ERROR] State refresh failed: 500 Server Error: Internal Server Error for url: https://macrofxmodel-production.up.railway.app/api/state
[2026-05-16 10:24:56] [ERROR] State refresh failed: 500 Server Error: Internal Server Error for url: https://macrofxmodel-production.up.railway.app/api/state
[2026-05-16 10:25:12] [ERROR] State refresh failed: 500 Server Error: Internal Server Error for url: https://macrofxmodel-production.up.railway.app/api/state
[2026-05-16 10:25:28] [ERROR] State refresh failed: 500 Server Error: Internal Server Error for url: https://macrofxmodel-production.up.railway.app/api/state
[2026-05-16 10:25:44] [ERROR] State refresh failed: 500 Server Error: Internal Server Error for url: https://macrofxmodel-production.up.railway.app/api/state
[2026-05-16 10:26:00] [ERROR] State refresh failed: 500 Server Error: Internal Server Error for url: https://macrofxmodel-production.up.railway.app/api/state
[2026-05-16 10:26:16] [ERROR] State refresh failed: 500 Server Error: Internal Server Error for url: https://macrofxmodel-production.up.railway.app/api/state
[2026-05-16 10:26:32] [ERROR] State refresh failed: 500 Server Error: Internal Server Error for url: https://macrofxmodel-production.up.railway.app/api/state
[2026-05-16 10:26:49] [ERROR] State refresh failed: 500 Server Error: Internal Server Error for url: https://macrofxmodel-production.up.railway.app/api/state
[2026-05-16 10:27:06] [ERROR] State refresh failed: 500 Server Error: Internal Server Error for url: https://macrofxmodel-production.up.railway.app/api/state
[2026-05-16 10:27:23] [ERROR] State refresh failed: 500 Server Error: Internal Server Error for url: https://macrofxmodel-production.up.railway.app/api/state
[2026-05-16 10:27:39] [ERROR] State refresh failed: 500 Server Error: Internal Server Error for url: https://macrofxmodel-production.up.railway.app/api/state
[2026-05-16 10:27:56] [ERROR] State refresh failed: 500 Server Error: Internal Server Error for url: https://macrofxmodel-production.up.railway.app/api/state
[2026-05-16 10:28:12] [ERROR] State refresh failed: 500 Server Error: Internal Server Error for url: https://macrofxmodel-production.up.railway.app/api/state
[2026-05-16 10:28:28] [ERROR] State refresh failed: 500 Server Error: Internal Server Error for url: https://macrofxmodel-production.up.railway.app/api/state
[2026-05-16 10:28:44] [ERROR] State refresh failed: 500 Server Error: Internal Server Error for url: https://macrofxmodel-production.up.railway.app/api/state
[2026-05-16 10:29:00] [ERROR] State refresh failed: 500 Server Error: Internal Server Error for url: https://macrofxmodel-production.up.railway.app/api/state
[2026-05-16 10:29:16] [ERROR] State refresh failed: 500 Server Error: Internal Server Error for url: https://macrofxmodel-production.up.railway.app/api/state
[2026-05-16 10:29:32] [ERROR] State refresh failed: 500 Server Error: Internal Server Error for url: https://macrofxmodel-production.up.railway.app/api/state
[2026-05-16 10:29:50] [ERROR] State refresh failed: 500 Server Error: Internal Server Error for url: https://macrofxmodel-production.up.railway.app/api/state
[2026-05-16 10:30:06] [ERROR] State refresh failed: 500 Server Error: Internal Server Error for url: https://macrofxmodel-production.up.railway.app/api/state
[2026-05-16 10:30:23] [ERROR] State refresh failed: 500 Server Error: Internal Server Error for url: https://macrofxmodel-production.up.railway.app/api/state
[2026-05-16 10:30:39] [INFO] State refreshed from dashboard KV
[2026-05-16 10:35:35] [INFO] MacroFX Bot  paper=True  state_refresh=120s  price_tick=3s  dashboard=https://macrofxmodel-production.up.railway.app
[2026-05-16 10:35:36] [INFO] MT5 credentials loaded from KV
[2026-05-16 10:35:36] [INFO] Loaded persisted state: ['risk_guard', 'position_meta']
[2026-05-16 10:41:48] [INFO] MacroFX Bot  paper=True  state_refresh=120s  price_tick=3s  dashboard=https://macrofxmodel-production.up.railway.app
[2026-05-16 10:41:49] [INFO] MT5 credentials loaded from KV
[2026-05-16 10:41:49] [INFO] Loaded persisted state: ['risk_guard', 'position_meta']
