[2026-06-05 10:48:41] [DA] [INFO] DynAnchor bot starting  paper=False  dashboard=https://macrofxmodel-production.up.railway.app
[2026-06-05 10:48:44] [DA] [ERROR] MT5_ACCOUNT / MT5_PASSWORD / MT5_SERVER not set — aborting
[2026-06-05 10:48:44] [DA] [WARNING] MT5 connection failed — falling back to paper mode
[2026-06-05 10:48:48] [DA] [INFO] Config: pairs=['EUR/USD', 'GBP/USD', 'USD/JPY']  interval=60s  risk=1.0%  window=00:00–22:00
[2026-06-05 10:48:48] [DA] [INFO] [EUR/USD] Running daily setup…
[2026-06-05 10:48:48] [DA] [WARNING] [EUR/USD] Insufficient D1 bars — skipping today
[2026-06-05 10:48:48] [DA] [INFO] [GBP/USD] Running daily setup…
[2026-06-05 10:48:48] [DA] [WARNING] [GBP/USD] Insufficient D1 bars — skipping today
[2026-06-05 10:48:48] [DA] [INFO] [USD/JPY] Running daily setup…
[2026-06-05 10:48:48] [DA] [WARNING] [USD/JPY] Insufficient D1 bars — skipping today
[2026-06-05 10:48:52] [DA] [INFO] DynAnchor bot stopped by user
[2026-06-05 10:56:54] [DA] [INFO] DynAnchor bot starting  paper=False  dashboard=https://macrofxmodel-production.up.railway.app
[2026-06-05 10:57:04] [DA] [WARNING] kv_get(dyn_anchor_credentials): HTTPSConnectionPool(host='macrofxmodel-production.up.railway.app', port=443): Max retries exceeded with url: /api/kv/get?key=dyn_anchor_credentials (Caused by ConnectTimeoutError(<HTTPSConnection(host='macrofxmodel-production.up.railway.app', port=443) at 0x2052c1f42f0>, 'Connection to macrofxmodel-production.up.railway.app timed out. (connect timeout=10)'))
[2026-06-05 10:57:04] [DA] [WARNING] No dyn_anchor_credentials found in KV — set account/password/server in the dashboard
[2026-06-05 10:57:04] [DA] [ERROR] MT5_ACCOUNT / MT5_PASSWORD / MT5_SERVER not set — aborting
[2026-06-05 10:57:04] [DA] [WARNING] MT5 connection failed — falling back to paper mode
[2026-06-05 10:57:14] [DA] [INFO] DynAnchor bot stopped by user
[2026-06-05 11:10:39] [DA] [INFO] DynAnchor bot starting  paper=False  dashboard=https://macrofxmodel-production.up.railway.app
[2026-06-05 11:10:42] [DA] [INFO] Credentials loaded: account=  server=
[2026-06-05 11:10:43] [DA] [ERROR] MT5_ACCOUNT / MT5_PASSWORD / MT5_SERVER not set — aborting
[2026-06-05 11:10:43] [DA] [WARNING] MT5 connection failed — falling back to paper mode
[2026-06-05 11:10:45] [DA] [INFO] Config: pairs=['EUR/USD', 'GBP/USD', 'USD/JPY', 'AUD/USD', 'NZD/USD', 'USD/CAD', 'USD/CHF', 'XAU/USD', 'NAS100_USD']  interval=60s  risk=1%  window=00:00–22:00
[2026-06-05 11:10:45] [DA] [INFO] [EUR/USD] Running daily setup…
[2026-06-05 11:10:45] [DA] [INFO] [EUR/USD] MT5 bars unavailable — requesting on-demand server forecast
[2026-06-05 11:10:48] [DA] [INFO] [EUR/USD] Using on-demand server forecast
[2026-06-05 11:10:48] [DA] [INFO] [EUR/USD] Setup [on-demand forecast]: regime=RANGE  sigma_d=0.264%  hl50=0.382%  hl75=0.484%  session_open=0.00000  slope=-0.000319
[2026-06-05 11:10:48] [DA] [INFO] [EUR/USD] RANGE day — no trading today
[2026-06-05 11:10:48] [DA] [INFO] [GBP/USD] Running daily setup…
[2026-06-05 11:10:48] [DA] [INFO] [GBP/USD] MT5 bars unavailable — requesting on-demand server forecast
[2026-06-05 11:10:51] [DA] [INFO] [GBP/USD] Using on-demand server forecast
[2026-06-05 11:10:51] [DA] [INFO] [GBP/USD] Setup [on-demand forecast]: regime=RANGE  sigma_d=0.369%  hl50=0.534%  hl75=0.676%  session_open=0.00000  slope=-0.000246
[2026-06-05 11:10:51] [DA] [INFO] [GBP/USD] RANGE day — no trading today
[2026-06-05 11:10:51] [DA] [INFO] [USD/JPY] Running daily setup…
[2026-06-05 11:10:51] [DA] [INFO] [USD/JPY] MT5 bars unavailable — requesting on-demand server forecast
[2026-06-05 11:10:52] [DA] [INFO] DynAnchor bot stopped by user
