[21:22:24] ======================================================================
[21:22:24] GOLD BOT starting  (XAU/USD only — Max strategy)
[21:22:24] Mode: PAPER
[21:22:24] ======================================================================
[21:22:28] MT5 connected
[21:22:30] [REFRESH] Fetching bars and recomputing zones...
[21:22:33] [HTF]    BULL (50%) — Daily EMA bullish | 4H EMA bearish | Daily BOS bullish
[21:22:33] [VWAP]   14 anchors: 4675.0(L10dU), 4699.6(N10dD), 4615.4(L9dU), 4545.8(N9dU)
[21:22:33] [TL]     12 trendlines: 6 descending, 6 ascending
[21:22:35] Interrupted — printing session summary
[21:22:35] ══════════════════════════════════════════════════════════════════════
[21:22:35] GOLD BOT — SESSION SUMMARY  2026-05-24
[21:22:35] ══════════════════════════════════════════════════════════════════════
[21:22:35]   Zones detected  : 0
[21:22:35]   Zones hit       : 0
[21:22:35]   Trades          : 0
[21:22:35]   Wins            : 0
[21:22:35]   Losses          : 0
[21:22:35]   Net pips        : +0.0
[21:22:35] ══════════════════════════════════════════════════════════════════════
